[2025-06-27 11:49:53] INFO: ✅ DB connected.
[2025-06-27 11:49:53] INFO: ✅ DB synced.
[2025-06-27 11:49:53] INFO: ⏱️ Polling every 100 ms
[2025-06-27 11:49:53] INFO: 🌍 WebSocket + Web running on :4000
[2025-06-27 11:49:53] ERROR: [Modbus Client] ❌ Connection error: logger.infor is not a function
[2025-06-27 11:49:53] ERROR: ❌ Polling error: logger.infor is not a function
[2025-06-27 11:49:53] ERROR: [Modbus Client] ❌ Connection error: Error Resource temporarily unavailable Cannot lock port
[2025-06-27 11:49:53] ERROR: ❌ Polling error: Error Resource temporarily unavailable Cannot lock port
[2025-06-27 11:49:53] ERROR: [Modbus Client] ❌ Connection error: Error Resource temporarily unavailable Cannot lock port
[2025-06-27 11:49:53] ERROR: ❌ Polling error: Error Resource temporarily unavailable Cannot lock port
[2025-06-27 11:49:53] ERROR: [Modbus Client] ❌ Connection error: Error Resource temporarily unavailable Cannot lock port
[2025-06-27 11:49:53] ERROR: ❌ Polling error: Error Resource temporarily unavailable Cannot lock port
[2025-06-27 11:49:53] ERROR: [Modbus Client] ❌ Connection error: Error Resource temporarily unavailable Cannot lock port
[2025-06-27 11:49:53] ERROR: ❌ Polling error: Error Resource temporarily unavailable Cannot lock port
[2025-06-27 11:49:54] ERROR: [Modbus Client] ❌ Connection error: Error Resource temporarily unavailable Cannot lock port
[2025-06-27 11:49:54] ERROR: ❌ Polling error: Error Resource temporarily unavailable Cannot lock port
[2025-06-27 11:49:54] ERROR: [Modbus Client] ❌ Connection error: Error Resource temporarily unavailable Cannot lock port
[2025-06-27 11:49:54] ERROR: ❌ Polling error: Error Resource temporarily unavailable Cannot lock port
[2025-06-27 11:49:54] ERROR: [Modbus Client] ❌ Connection error: Error Resource temporarily unavailable Cannot lock port
[2025-06-27 11:49:54] ERROR: ❌ Polling error: Error Resource temporarily unavailable Cannot lock port
[2025-06-27 11:49:54] ERROR: [Modbus Client] ❌ Connection error: Error Resource temporarily unavailable Cannot lock port
[2025-06-27 11:49:54] ERROR: ❌ Polling error: Error Resource temporarily unavailable Cannot lock port
[2025-06-27 11:49:54] ERROR: [Modbus Client] ❌ Connection error: Error Resource temporarily unavailable Cannot lock port
[2025-06-27 11:49:54] ERROR: ❌ Polling error: Error Resource temporarily unavailable Cannot lock port
[2025-06-27 11:49:54] ERROR: [Modbus Client] ❌ Connection error: Error Resource temporarily unavailable Cannot lock port
[2025-06-27 11:49:54] ERROR: ❌ Polling error: Error Resource temporarily unavailable Cannot lock port
[2025-06-27 11:49:54] ERROR: [Modbus Client] ❌ Connection error: Error Resource temporarily unavailable Cannot lock port
[2025-06-27 11:49:54] ERROR: ❌ Polling error: Error Resource temporarily unavailable Cannot lock port
[2025-06-27 11:49:54] ERROR: [Modbus Client] ❌ Connection error: Error Resource temporarily unavailable Cannot lock port
[2025-06-27 11:49:54] ERROR: ❌ Polling error: Error Resource temporarily unavailable Cannot lock port
[2025-06-27 11:49:54] ERROR: [Modbus Client] ❌ Connection error: Error Resource temporarily unavailable Cannot lock port
[2025-06-27 11:49:54] ERROR: ❌ Polling error: Error Resource temporarily unavailable Cannot lock port
[2025-06-27 11:49:54] ERROR: [Modbus Client] ❌ Connection error: Error Resource temporarily unavailable Cannot lock port
[2025-06-27 11:49:54] ERROR: ❌ Polling error: Error Resource temporarily unavailable Cannot lock port
[2025-06-27 11:49:55] ERROR: [Modbus Client] ❌ Connection error: Error Resource temporarily unavailable Cannot lock port
[2025-06-27 11:49:55] ERROR: ❌ Polling error: Error Resource temporarily unavailable Cannot lock port
[2025-06-27 11:49:55] ERROR: [Modbus Client] ❌ Connection error: Error Resource temporarily unavailable Cannot lock port
[2025-06-27 11:49:55] ERROR: ❌ Polling error: Error Resource temporarily unavailable Cannot lock port
[2025-06-27 11:49:55] ERROR: [Modbus Client] ❌ Connection error: Error Resource temporarily unavailable Cannot lock port
[2025-06-27 11:49:55] ERROR: ❌ Polling error: Error Resource temporarily unavailable Cannot lock port
[2025-06-27 11:49:55] ERROR: [Modbus Client] ❌ Connection error: Error Resource temporarily unavailable Cannot lock port
[2025-06-27 11:49:55] ERROR: ❌ Polling error: Error Resource temporarily unavailable Cannot lock port
[2025-06-27 11:49:55] ERROR: [Modbus Client] ❌ Connection error: Error Resource temporarily unavailable Cannot lock port
[2025-06-27 11:49:55] ERROR: ❌ Polling error: Error Resource temporarily unavailable Cannot lock port
[2025-06-27 11:49:55] ERROR: [Modbus Client] ❌ Connection error: Error Resource temporarily unavailable Cannot lock port
[2025-06-27 11:49:55] ERROR: ❌ Polling error: Error Resource temporarily unavailable Cannot lock port
[2025-06-27 11:49:55] ERROR: [Modbus Client] ❌ Connection error: Error Resource temporarily unavailable Cannot lock port
[2025-06-27 11:49:55] ERROR: ❌ Polling error: Error Resource temporarily unavailable Cannot lock port
[2025-06-27 11:49:55] ERROR: [Modbus Client] ❌ Connection error: Error Resource temporarily unavailable Cannot lock port
[2025-06-27 11:49:55] ERROR: ❌ Polling error: Error Resource temporarily unavailable Cannot lock port
[2025-06-27 11:49:55] ERROR: [Modbus Client] ❌ Connection error: Error Resource temporarily unavailable Cannot lock port
[2025-06-27 11:49:55] ERROR: ❌ Polling error: Error Resource temporarily unavailable Cannot lock port
[2025-06-27 11:49:55] ERROR: [Modbus Client] ❌ Connection error: Error Resource temporarily unavailable Cannot lock port
[2025-06-27 11:49:55] ERROR: ❌ Polling error: Error Resource temporarily unavailable Cannot lock port
[2025-06-27 11:49:56] ERROR: [Modbus Client] ❌ Connection error: Error Resource temporarily unavailable Cannot lock port
[2025-06-27 11:49:56] ERROR: ❌ Polling error: Error Resource temporarily unavailable Cannot lock port
[2025-06-27 11:49:56] ERROR: [Modbus Client] ❌ Connection error: Error Resource temporarily unavailable Cannot lock port
[2025-06-27 11:49:56] ERROR: ❌ Polling error: Error Resource temporarily unavailable Cannot lock port
[2025-06-27 11:49:56] ERROR: [Modbus Client] ❌ Connection error: Error Resource temporarily unavailable Cannot lock port
[2025-06-27 11:49:56] ERROR: ❌ Polling error: Error Resource temporarily unavailable Cannot lock port
[2025-06-27 11:49:56] ERROR: [Modbus Client] ❌ Connection error: Error Resource temporarily unavailable Cannot lock port
[2025-06-27 11:49:56] ERROR: ❌ Polling error: Error Resource temporarily unavailable Cannot lock port
[2025-06-27 11:49:56] ERROR: [Modbus Client] ❌ Connection error: Error Resource temporarily unavailable Cannot lock port
[2025-06-27 11:49:56] ERROR: ❌ Polling error: Error Resource temporarily unavailable Cannot lock port
[2025-06-27 11:49:56] ERROR: [Modbus Client] ❌ Connection error: Error Resource temporarily unavailable Cannot lock port
[2025-06-27 11:49:56] ERROR: ❌ Polling error: Error Resource temporarily unavailable Cannot lock port
[2025-06-27 11:49:56] ERROR: [Modbus Client] ❌ Connection error: Error Resource temporarily unavailable Cannot lock port
[2025-06-27 11:49:56] ERROR: ❌ Polling error: Error Resource temporarily unavailable Cannot lock port
[2025-06-27 11:49:56] ERROR: [Modbus Client] ❌ Connection error: Error Resource temporarily unavailable Cannot lock port
[2025-06-27 11:49:56] ERROR: ❌ Polling error: Error Resource temporarily unavailable Cannot lock port
[2025-06-27 11:49:56] ERROR: [Modbus Client] ❌ Connection error: Error Resource temporarily unavailable Cannot lock port
[2025-06-27 11:49:56] ERROR: ❌ Polling error: Error Resource temporarily unavailable Cannot lock port
[2025-06-27 11:49:56] ERROR: [Modbus Client] ❌ Connection error: Error Resource temporarily unavailable Cannot lock port
[2025-06-27 11:49:56] ERROR: ❌ Polling error: Error Resource temporarily unavailable Cannot lock port
[2025-06-27 11:49:57] ERROR: [Modbus Client] ❌ Connection error: Error Resource temporarily unavailable Cannot lock port
[2025-06-27 11:49:57] ERROR: ❌ Polling error: Error Resource temporarily unavailable Cannot lock port
[2025-06-27 11:49:57] ERROR: [Modbus Client] ❌ Connection error: Error Resource temporarily unavailable Cannot lock port
[2025-06-27 11:49:57] ERROR: ❌ Polling error: Error Resource temporarily unavailable Cannot lock port
[2025-06-27 11:49:57] ERROR: [Modbus Client] ❌ Connection error: Error Resource temporarily unavailable Cannot lock port
[2025-06-27 11:49:57] ERROR: ❌ Polling error: Error Resource temporarily unavailable Cannot lock port
[2025-06-27 11:49:57] ERROR: [Modbus Client] ❌ Connection error: Error Resource temporarily unavailable Cannot lock port
[2025-06-27 11:49:57] ERROR: ❌ Polling error: Error Resource temporarily unavailable Cannot lock port
[2025-06-27 11:49:57] ERROR: [Modbus Client] ❌ Connection error: Error Resource temporarily unavailable Cannot lock port
[2025-06-27 11:49:57] ERROR: ❌ Polling error: Error Resource temporarily unavailable Cannot lock port
[2025-06-27 11:49:57] ERROR: [Modbus Client] ❌ Connection error: Error Resource temporarily unavailable Cannot lock port
[2025-06-27 11:49:57] ERROR: ❌ Polling error: Error Resource temporarily unavailable Cannot lock port
[2025-06-27 11:49:57] ERROR: [Modbus Client] ❌ Connection error: Error Resource temporarily unavailable Cannot lock port
[2025-06-27 11:49:57] ERROR: ❌ Polling error: Error Resource temporarily unavailable Cannot lock port
[2025-06-27 11:49:57] ERROR: [Modbus Client] ❌ Connection error: Error Resource temporarily unavailable Cannot lock port
[2025-06-27 11:49:57] ERROR: ❌ Polling error: Error Resource temporarily unavailable Cannot lock port
[2025-06-27 11:49:57] ERROR: [Modbus Client] ❌ Connection error: Error Resource temporarily unavailable Cannot lock port
[2025-06-27 11:49:57] ERROR: ❌ Polling error: Error Resource temporarily unavailable Cannot lock port
[2025-06-27 11:49:57] ERROR: [Modbus Client] ❌ Connection error: Error Resource temporarily unavailable Cannot lock port
[2025-06-27 11:49:57] ERROR: ❌ Polling error: Error Resource temporarily unavailable Cannot lock port
[2025-06-27 11:49:58] ERROR: [Modbus Client] ❌ Connection error: Error Resource temporarily unavailable Cannot lock port
[2025-06-27 11:49:58] ERROR: ❌ Polling error: Error Resource temporarily unavailable Cannot lock port
[2025-06-27 11:49:58] ERROR: [Modbus Client] ❌ Connection error: Error Resource temporarily unavailable Cannot lock port
[2025-06-27 11:49:58] ERROR: ❌ Polling error: Error Resource temporarily unavailable Cannot lock port
[2025-06-27 11:49:58] ERROR: [Modbus Client] ❌ Connection error: Error Resource temporarily unavailable Cannot lock port
[2025-06-27 11:49:58] ERROR: ❌ Polling error: Error Resource temporarily unavailable Cannot lock port
[2025-06-27 11:49:58] ERROR: [Modbus Client] ❌ Connection error: Error Resource temporarily unavailable Cannot lock port
[2025-06-27 11:49:58] ERROR: ❌ Polling error: Error Resource temporarily unavailable Cannot lock port
[2025-06-27 11:49:58] ERROR: [Modbus Client] ❌ Connection error: Error Resource temporarily unavailable Cannot lock port
[2025-06-27 11:49:58] ERROR: ❌ Polling error: Error Resource temporarily unavailable Cannot lock port
[2025-06-27 11:49:58] ERROR: [Modbus Client] ❌ Connection error: Error Resource temporarily unavailable Cannot lock port
[2025-06-27 11:49:58] ERROR: ❌ Polling error: Error Resource temporarily unavailable Cannot lock port
[2025-06-27 11:49:58] ERROR: [Modbus Client] ❌ Connection error: Error Resource temporarily unavailable Cannot lock port
[2025-06-27 11:49:58] ERROR: ❌ Polling error: Error Resource temporarily unavailable Cannot lock port
[2025-06-27 11:49:58] ERROR: [Modbus Client] ❌ Connection error: Error Resource temporarily unavailable Cannot lock port
[2025-06-27 11:49:58] ERROR: ❌ Polling error: Error Resource temporarily unavailable Cannot lock port
[2025-06-27 11:49:58] ERROR: [Modbus Client] ❌ Connection error: Error Resource temporarily unavailable Cannot lock port
[2025-06-27 11:49:58] ERROR: ❌ Polling error: Error Resource temporarily unavailable Cannot lock port
[2025-06-27 11:49:58] ERROR: [Modbus Client] ❌ Connection error: Error Resource temporarily unavailable Cannot lock port
[2025-06-27 11:49:58] ERROR: ❌ Polling error: Error Resource temporarily unavailable Cannot lock port
[2025-06-27 11:49:59] ERROR: [Modbus Client] ❌ Connection error: Error Resource temporarily unavailable Cannot lock port
[2025-06-27 11:49:59] ERROR: ❌ Polling error: Error Resource temporarily unavailable Cannot lock port
[2025-06-27 11:49:59] ERROR: [Modbus Client] ❌ Connection error: Error Resource temporarily unavailable Cannot lock port
[2025-06-27 11:49:59] ERROR: ❌ Polling error: Error Resource temporarily unavailable Cannot lock port
[2025-06-27 11:49:59] ERROR: [Modbus Client] ❌ Connection error: Error Resource temporarily unavailable Cannot lock port
[2025-06-27 11:49:59] ERROR: ❌ Polling error: Error Resource temporarily unavailable Cannot lock port
[2025-06-27 11:49:59] ERROR: [Modbus Client] ❌ Connection error: Error Resource temporarily unavailable Cannot lock port
[2025-06-27 11:49:59] ERROR: ❌ Polling error: Error Resource temporarily unavailable Cannot lock port
[2025-06-27 11:49:59] ERROR: [Modbus Client] ❌ Connection error: Error Resource temporarily unavailable Cannot lock port
[2025-06-27 11:49:59] ERROR: ❌ Polling error: Error Resource temporarily unavailable Cannot lock port
[2025-06-27 11:49:59] ERROR: [Modbus Client] ❌ Connection error: Error Resource temporarily unavailable Cannot lock port
[2025-06-27 11:49:59] ERROR: ❌ Polling error: Error Resource temporarily unavailable Cannot lock port
[2025-06-27 11:49:59] ERROR: [Modbus Client] ❌ Connection error: Error Resource temporarily unavailable Cannot lock port
[2025-06-27 11:49:59] ERROR: ❌ Polling error: Error Resource temporarily unavailable Cannot lock port
[2025-06-27 11:49:59] ERROR: [Modbus Client] ❌ Connection error: Error Resource temporarily unavailable Cannot lock port
[2025-06-27 11:49:59] ERROR: ❌ Polling error: Error Resource temporarily unavailable Cannot lock port
[2025-06-27 11:49:59] ERROR: [Modbus Client] ❌ Connection error: Error Resource temporarily unavailable Cannot lock port
[2025-06-27 11:49:59] ERROR: ❌ Polling error: Error Resource temporarily unavailable Cannot lock port
[2025-06-27 11:49:59] ERROR: [Modbus Client] ❌ Connection error: Error Resource temporarily unavailable Cannot lock port
[2025-06-27 11:49:59] ERROR: ❌ Polling error: Error Resource temporarily unavailable Cannot lock port
[2025-06-27 11:50:00] ERROR: [Modbus Client] ❌ Connection error: Error Resource temporarily unavailable Cannot lock port
[2025-06-27 11:50:00] ERROR: ❌ Polling error: Error Resource temporarily unavailable Cannot lock port
[2025-06-27 11:50:00] ERROR: [Modbus Client] ❌ Connection error: Error Resource temporarily unavailable Cannot lock port
[2025-06-27 11:50:00] ERROR: ❌ Polling error: Error Resource temporarily unavailable Cannot lock port
[2025-06-27 11:50:00] ERROR: [Modbus Client] ❌ Connection error: Error Resource temporarily unavailable Cannot lock port
[2025-06-27 11:50:00] ERROR: ❌ Polling error: Error Resource temporarily unavailable Cannot lock port
[2025-06-27 11:50:00] ERROR: [Modbus Client] ❌ Connection error: Error Resource temporarily unavailable Cannot lock port
[2025-06-27 11:50:00] ERROR: ❌ Polling error: Error Resource temporarily unavailable Cannot lock port
[2025-06-27 11:50:00] ERROR: [Modbus Client] ❌ Connection error: Error Resource temporarily unavailable Cannot lock port
[2025-06-27 11:50:00] ERROR: ❌ Polling error: Error Resource temporarily unavailable Cannot lock port
[2025-06-27 11:50:00] ERROR: [Modbus Client] ❌ Connection error: Error Resource temporarily unavailable Cannot lock port
[2025-06-27 11:50:00] ERROR: ❌ Polling error: Error Resource temporarily unavailable Cannot lock port
[2025-06-27 11:50:00] ERROR: [Modbus Client] ❌ Connection error: Error Resource temporarily unavailable Cannot lock port
[2025-06-27 11:50:00] ERROR: ❌ Polling error: Error Resource temporarily unavailable Cannot lock port
[2025-06-27 11:50:00] ERROR: [Modbus Client] ❌ Connection error: Error Resource temporarily unavailable Cannot lock port
[2025-06-27 11:50:00] ERROR: ❌ Polling error: Error Resource temporarily unavailable Cannot lock port
[2025-06-27 11:50:00] ERROR: [Modbus Client] ❌ Connection error: Error Resource temporarily unavailable Cannot lock port
[2025-06-27 11:50:00] ERROR: ❌ Polling error: Error Resource temporarily unavailable Cannot lock port
[2025-06-27 11:50:00] ERROR: [Modbus Client] ❌ Connection error: Error Resource temporarily unavailable Cannot lock port
[2025-06-27 11:50:00] ERROR: ❌ Polling error: Error Resource temporarily unavailable Cannot lock port
[2025-06-27 11:50:01] ERROR: [Modbus Client] ❌ Connection error: Error Resource temporarily unavailable Cannot lock port
[2025-06-27 11:50:01] ERROR: ❌ Polling error: Error Resource temporarily unavailable Cannot lock port
[2025-06-27 11:50:01] ERROR: [Modbus Client] ❌ Connection error: Error Resource temporarily unavailable Cannot lock port
[2025-06-27 11:50:01] ERROR: ❌ Polling error: Error Resource temporarily unavailable Cannot lock port
[2025-06-27 11:50:01] ERROR: [Modbus Client] ❌ Connection error: Error Resource temporarily unavailable Cannot lock port
[2025-06-27 11:50:01] ERROR: ❌ Polling error: Error Resource temporarily unavailable Cannot lock port
[2025-06-27 11:50:01] ERROR: [Modbus Client] ❌ Connection error: Error Resource temporarily unavailable Cannot lock port
[2025-06-27 11:50:01] ERROR: ❌ Polling error: Error Resource temporarily unavailable Cannot lock port
[2025-06-27 11:50:01] ERROR: [Modbus Client] ❌ Connection error: Error Resource temporarily unavailable Cannot lock port
[2025-06-27 11:50:01] ERROR: ❌ Polling error: Error Resource temporarily unavailable Cannot lock port
[2025-06-27 11:50:01] ERROR: [Modbus Client] ❌ Connection error: Error Resource temporarily unavailable Cannot lock port
[2025-06-27 11:50:01] ERROR: ❌ Polling error: Error Resource temporarily unavailable Cannot lock port
[2025-06-27 11:50:01] ERROR: [Modbus Client] ❌ Connection error: Error Resource temporarily unavailable Cannot lock port
[2025-06-27 11:50:01] ERROR: ❌ Polling error: Error Resource temporarily unavailable Cannot lock port
[2025-06-27 11:50:01] ERROR: [Modbus Client] ❌ Connection error: Error Resource temporarily unavailable Cannot lock port
[2025-06-27 11:50:01] ERROR: ❌ Polling error: Error Resource temporarily unavailable Cannot lock port
[2025-06-27 11:50:01] ERROR: [Modbus Client] ❌ Connection error: Error Resource temporarily unavailable Cannot lock port
[2025-06-27 11:50:01] ERROR: ❌ Polling error: Error Resource temporarily unavailable Cannot lock port
[2025-06-27 11:50:01] ERROR: [Modbus Client] ❌ Connection error: Error Resource temporarily unavailable Cannot lock port
[2025-06-27 11:50:01] ERROR: ❌ Polling error: Error Resource temporarily unavailable Cannot lock port
[2025-06-27 11:50:02] ERROR: [Modbus Client] ❌ Connection error: Error Resource temporarily unavailable Cannot lock port
[2025-06-27 11:50:02] ERROR: ❌ Polling error: Error Resource temporarily unavailable Cannot lock port
[2025-06-27 11:50:02] ERROR: [Modbus Client] ❌ Connection error: Error Resource temporarily unavailable Cannot lock port
[2025-06-27 11:50:02] ERROR: ❌ Polling error: Error Resource temporarily unavailable Cannot lock port
[2025-06-27 11:50:02] ERROR: [Modbus Client] ❌ Connection error: Error Resource temporarily unavailable Cannot lock port
[2025-06-27 11:50:02] ERROR: ❌ Polling error: Error Resource temporarily unavailable Cannot lock port
[2025-06-27 11:50:02] ERROR: [Modbus Client] ❌ Connection error: Error Resource temporarily unavailable Cannot lock port
[2025-06-27 11:50:02] ERROR: ❌ Polling error: Error Resource temporarily unavailable Cannot lock port
[2025-06-27 11:50:02] ERROR: [Modbus Client] ❌ Connection error: Error Resource temporarily unavailable Cannot lock port
[2025-06-27 11:50:02] ERROR: ❌ Polling error: Error Resource temporarily unavailable Cannot lock port
[2025-06-27 11:50:02] ERROR: [Modbus Client] ❌ Connection error: Error Resource temporarily unavailable Cannot lock port
[2025-06-27 11:50:02] ERROR: ❌ Polling error: Error Resource temporarily unavailable Cannot lock port
[2025-06-27 11:50:02] ERROR: [Modbus Client] ❌ Connection error: Error Resource temporarily unavailable Cannot lock port
[2025-06-27 11:50:02] ERROR: ❌ Polling error: Error Resource temporarily unavailable Cannot lock port
[2025-06-27 11:50:02] ERROR: [Modbus Client] ❌ Connection error: Error Resource temporarily unavailable Cannot lock port
[2025-06-27 11:50:02] ERROR: ❌ Polling error: Error Resource temporarily unavailable Cannot lock port
[2025-06-27 11:50:02] ERROR: [Modbus Client] ❌ Connection error: Error Resource temporarily unavailable Cannot lock port
[2025-06-27 11:50:02] ERROR: ❌ Polling error: Error Resource temporarily unavailable Cannot lock port
[2025-06-27 11:50:02] ERROR: [Modbus Client] ❌ Connection error: Error Resource temporarily unavailable Cannot lock port
[2025-06-27 11:50:02] ERROR: ❌ Polling error: Error Resource temporarily unavailable Cannot lock port
[2025-06-27 11:50:03] ERROR: [Modbus Client] ❌ Connection error: Error Resource temporarily unavailable Cannot lock port
[2025-06-27 11:50:03] ERROR: ❌ Polling error: Error Resource temporarily unavailable Cannot lock port
[2025-06-27 11:50:03] ERROR: [Modbus Client] ❌ Connection error: Error Resource temporarily unavailable Cannot lock port
[2025-06-27 11:50:03] ERROR: ❌ Polling error: Error Resource temporarily unavailable Cannot lock port
[2025-06-27 11:50:03] ERROR: [Modbus Client] ❌ Connection error: Error Resource temporarily unavailable Cannot lock port
[2025-06-27 11:50:03] ERROR: ❌ Polling error: Error Resource temporarily unavailable Cannot lock port
[2025-06-27 11:50:03] ERROR: [Modbus Client] ❌ Connection error: Error Resource temporarily unavailable Cannot lock port
[2025-06-27 11:50:03] ERROR: ❌ Polling error: Error Resource temporarily unavailable Cannot lock port
[2025-06-27 11:50:03] ERROR: [Modbus Client] ❌ Connection error: Error Resource temporarily unavailable Cannot lock port
[2025-06-27 11:50:03] ERROR: ❌ Polling error: Error Resource temporarily unavailable Cannot lock port
[2025-06-27 11:50:03] ERROR: [Modbus Client] ❌ Connection error: Error Resource temporarily unavailable Cannot lock port
[2025-06-27 11:50:03] ERROR: ❌ Polling error: Error Resource temporarily unavailable Cannot lock port
[2025-06-27 11:50:03] ERROR: [Modbus Client] ❌ Connection error: Error Resource temporarily unavailable Cannot lock port
[2025-06-27 11:50:03] ERROR: ❌ Polling error: Error Resource temporarily unavailable Cannot lock port
[2025-06-27 11:50:03] ERROR: [Modbus Client] ❌ Connection error: Error Resource temporarily unavailable Cannot lock port
[2025-06-27 11:50:03] ERROR: ❌ Polling error: Error Resource temporarily unavailable Cannot lock port
[2025-06-27 11:50:03] ERROR: [Modbus Client] ❌ Connection error: Error Resource temporarily unavailable Cannot lock port
[2025-06-27 11:50:03] ERROR: ❌ Polling error: Error Resource temporarily unavailable Cannot lock port
[2025-06-27 11:50:03] ERROR: [Modbus Client] ❌ Connection error: Error Resource temporarily unavailable Cannot lock port
[2025-06-27 11:50:03] ERROR: ❌ Polling error: Error Resource temporarily unavailable Cannot lock port
[2025-06-27 11:50:04] ERROR: [Modbus Client] ❌ Connection error: Error Resource temporarily unavailable Cannot lock port
[2025-06-27 11:50:04] ERROR: ❌ Polling error: Error Resource temporarily unavailable Cannot lock port
[2025-06-27 11:50:04] ERROR: [Modbus Client] ❌ Connection error: Error Resource temporarily unavailable Cannot lock port
[2025-06-27 11:50:04] ERROR: ❌ Polling error: Error Resource temporarily unavailable Cannot lock port
[2025-06-27 11:50:04] ERROR: [Modbus Client] ❌ Connection error: Error Resource temporarily unavailable Cannot lock port
[2025-06-27 11:50:04] ERROR: ❌ Polling error: Error Resource temporarily unavailable Cannot lock port
[2025-06-27 11:50:04] ERROR: [Modbus Client] ❌ Connection error: Error Resource temporarily unavailable Cannot lock port
[2025-06-27 11:50:04] ERROR: ❌ Polling error: Error Resource temporarily unavailable Cannot lock port
[2025-06-27 11:50:04] INFO: 🛑 Shutting down...
[2025-06-27 11:50:21] INFO: ✅ DB connected.
[2025-06-27 11:50:21] INFO: ✅ DB synced.
[2025-06-27 11:50:21] INFO: ⏱️ Polling every 200 ms
[2025-06-27 11:50:21] INFO: 🌍 WebSocket + Web running on :4000
[2025-06-27 11:50:21] ERROR: [Modbus Client] ❌ Connection error: logger.infor is not a function
[2025-06-27 11:50:21] ERROR: ❌ Polling error: logger.infor is not a function
[2025-06-27 11:50:21] ERROR: [Modbus Client] ❌ Connection error: Error Resource temporarily unavailable Cannot lock port
[2025-06-27 11:50:21] ERROR: ❌ Polling error: Error Resource temporarily unavailable Cannot lock port
[2025-06-27 11:50:22] ERROR: [Modbus Client] ❌ Connection error: Error Resource temporarily unavailable Cannot lock port
[2025-06-27 11:50:22] ERROR: ❌ Polling error: Error Resource temporarily unavailable Cannot lock port
[2025-06-27 11:50:22] ERROR: [Modbus Client] ❌ Connection error: Error Resource temporarily unavailable Cannot lock port
[2025-06-27 11:50:22] ERROR: ❌ Polling error: Error Resource temporarily unavailable Cannot lock port
[2025-06-27 11:50:22] ERROR: [Modbus Client] ❌ Connection error: Error Resource temporarily unavailable Cannot lock port
[2025-06-27 11:50:22] ERROR: ❌ Polling error: Error Resource temporarily unavailable Cannot lock port
[2025-06-27 11:50:22] ERROR: [Modbus Client] ❌ Connection error: Error Resource temporarily unavailable Cannot lock port
[2025-06-27 11:50:22] ERROR: ❌ Polling error: Error Resource temporarily unavailable Cannot lock port
[2025-06-27 11:50:22] ERROR: [Modbus Client] ❌ Connection error: Error Resource temporarily unavailable Cannot lock port
[2025-06-27 11:50:22] ERROR: ❌ Polling error: Error Resource temporarily unavailable Cannot lock port
[2025-06-27 11:50:23] ERROR: [Modbus Client] ❌ Connection error: Error Resource temporarily unavailable Cannot lock port
[2025-06-27 11:50:23] ERROR: ❌ Polling error: Error Resource temporarily unavailable Cannot lock port
[2025-06-27 11:50:23] ERROR: [Modbus Client] ❌ Connection error: Error Resource temporarily unavailable Cannot lock port
[2025-06-27 11:50:23] ERROR: ❌ Polling error: Error Resource temporarily unavailable Cannot lock port
[2025-06-27 11:50:23] ERROR: [Modbus Client] ❌ Connection error: Error Resource temporarily unavailable Cannot lock port
[2025-06-27 11:50:23] ERROR: ❌ Polling error: Error Resource temporarily unavailable Cannot lock port
[2025-06-27 11:50:23] ERROR: [Modbus Client] ❌ Connection error: Error Resource temporarily unavailable Cannot lock port
[2025-06-27 11:50:23] ERROR: ❌ Polling error: Error Resource temporarily unavailable Cannot lock port
[2025-06-27 11:50:23] ERROR: [Modbus Client] ❌ Connection error: Error Resource temporarily unavailable Cannot lock port
[2025-06-27 11:50:23] ERROR: ❌ Polling error: Error Resource temporarily unavailable Cannot lock port
[2025-06-27 11:50:24] ERROR: [Modbus Client] ❌ Connection error: Error Resource temporarily unavailable Cannot lock port
[2025-06-27 11:50:24] ERROR: ❌ Polling error: Error Resource temporarily unavailable Cannot lock port
[2025-06-27 11:50:24] ERROR: [Modbus Client] ❌ Connection error: Error Resource temporarily unavailable Cannot lock port
[2025-06-27 11:50:24] ERROR: ❌ Polling error: Error Resource temporarily unavailable Cannot lock port
[2025-06-27 11:50:24] ERROR: [Modbus Client] ❌ Connection error: Error Resource temporarily unavailable Cannot lock port
[2025-06-27 11:50:24] ERROR: ❌ Polling error: Error Resource temporarily unavailable Cannot lock port
[2025-06-27 11:50:24] ERROR: [Modbus Client] ❌ Connection error: Error Resource temporarily unavailable Cannot lock port
[2025-06-27 11:50:24] ERROR: ❌ Polling error: Error Resource temporarily unavailable Cannot lock port
[2025-06-27 11:50:24] ERROR: [Modbus Client] ❌ Connection error: Error Resource temporarily unavailable Cannot lock port
[2025-06-27 11:50:24] ERROR: ❌ Polling error: Error Resource temporarily unavailable Cannot lock port
[2025-06-27 11:50:25] ERROR: [Modbus Client] ❌ Connection error: Error Resource temporarily unavailable Cannot lock port
[2025-06-27 11:50:25] ERROR: ❌ Polling error: Error Resource temporarily unavailable Cannot lock port
[2025-06-27 11:50:25] ERROR: [Modbus Client] ❌ Connection error: Error Resource temporarily unavailable Cannot lock port
[2025-06-27 11:50:25] ERROR: ❌ Polling error: Error Resource temporarily unavailable Cannot lock port
[2025-06-27 11:50:25] ERROR: [Modbus Client] ❌ Connection error: Error Resource temporarily unavailable Cannot lock port
[2025-06-27 11:50:25] ERROR: ❌ Polling error: Error Resource temporarily unavailable Cannot lock port
[2025-06-27 11:50:25] ERROR: [Modbus Client] ❌ Connection error: Error Resource temporarily unavailable Cannot lock port
[2025-06-27 11:50:25] ERROR: ❌ Polling error: Error Resource temporarily unavailable Cannot lock port
[2025-06-27 11:50:25] ERROR: [Modbus Client] ❌ Connection error: Error Resource temporarily unavailable Cannot lock port
[2025-06-27 11:50:25] ERROR: ❌ Polling error: Error Resource temporarily unavailable Cannot lock port
[2025-06-27 11:50:26] ERROR: [Modbus Client] ❌ Connection error: Error Resource temporarily unavailable Cannot lock port
[2025-06-27 11:50:26] ERROR: ❌ Polling error: Error Resource temporarily unavailable Cannot lock port
[2025-06-27 11:50:26] ERROR: [Modbus Client] ❌ Connection error: Error Resource temporarily unavailable Cannot lock port
[2025-06-27 11:50:26] ERROR: ❌ Polling error: Error Resource temporarily unavailable Cannot lock port
[2025-06-27 11:50:26] ERROR: [Modbus Client] ❌ Connection error: Error Resource temporarily unavailable Cannot lock port
[2025-06-27 11:50:26] ERROR: ❌ Polling error: Error Resource temporarily unavailable Cannot lock port
[2025-06-27 11:50:26] ERROR: [Modbus Client] ❌ Connection error: Error Resource temporarily unavailable Cannot lock port
[2025-06-27 11:50:26] ERROR: ❌ Polling error: Error Resource temporarily unavailable Cannot lock port
[2025-06-27 11:50:26] ERROR: [Modbus Client] ❌ Connection error: Error Resource temporarily unavailable Cannot lock port
[2025-06-27 11:50:26] ERROR: ❌ Polling error: Error Resource temporarily unavailable Cannot lock port
[2025-06-27 11:50:27] ERROR: [Modbus Client] ❌ Connection error: Error Resource temporarily unavailable Cannot lock port
[2025-06-27 11:50:27] ERROR: ❌ Polling error: Error Resource temporarily unavailable Cannot lock port
[2025-06-27 11:50:27] ERROR: [Modbus Client] ❌ Connection error: Error Resource temporarily unavailable Cannot lock port
[2025-06-27 11:50:27] ERROR: ❌ Polling error: Error Resource temporarily unavailable Cannot lock port
[2025-06-27 11:50:27] ERROR: [Modbus Client] ❌ Connection error: Error Resource temporarily unavailable Cannot lock port
[2025-06-27 11:50:27] ERROR: ❌ Polling error: Error Resource temporarily unavailable Cannot lock port
[2025-06-27 11:50:27] ERROR: [Modbus Client] ❌ Connection error: Error Resource temporarily unavailable Cannot lock port
[2025-06-27 11:50:27] ERROR: ❌ Polling error: Error Resource temporarily unavailable Cannot lock port
[2025-06-27 11:50:27] ERROR: [Modbus Client] ❌ Connection error: Error Resource temporarily unavailable Cannot lock port
[2025-06-27 11:50:27] ERROR: ❌ Polling error: Error Resource temporarily unavailable Cannot lock port
[2025-06-27 11:50:28] ERROR: [Modbus Client] ❌ Connection error: Error Resource temporarily unavailable Cannot lock port
[2025-06-27 11:50:28] ERROR: ❌ Polling error: Error Resource temporarily unavailable Cannot lock port
[2025-06-27 11:50:28] ERROR: [Modbus Client] ❌ Connection error: Error Resource temporarily unavailable Cannot lock port
[2025-06-27 11:50:28] ERROR: ❌ Polling error: Error Resource temporarily unavailable Cannot lock port
[2025-06-27 11:50:30] INFO: ✅ DB connected.
[2025-06-27 11:50:30] INFO: ✅ DB synced.
[2025-06-27 11:50:30] INFO: ⏱️ Polling every 1000 ms
[2025-06-27 11:50:30] INFO: 🌍 WebSocket + Web running on :4000
[2025-06-27 11:50:31] ERROR: [Modbus Client] ❌ Connection error: logger.infor is not a function
[2025-06-27 11:50:31] ERROR: ❌ Polling error: logger.infor is not a function
[2025-06-27 11:50:32] ERROR: [Modbus Client] ❌ Connection error: Error Resource temporarily unavailable Cannot lock port
[2025-06-27 11:50:32] ERROR: ❌ Polling error: Error Resource temporarily unavailable Cannot lock port
[2025-06-27 11:50:33] ERROR: [Modbus Client] ❌ Connection error: Error Resource temporarily unavailable Cannot lock port
[2025-06-27 11:50:33] ERROR: ❌ Polling error: Error Resource temporarily unavailable Cannot lock port
[2025-06-27 11:50:34] ERROR: [Modbus Client] ❌ Connection error: Error Resource temporarily unavailable Cannot lock port
[2025-06-27 11:50:34] ERROR: ❌ Polling error: Error Resource temporarily unavailable Cannot lock port
[2025-06-27 11:50:35] ERROR: [Modbus Client] ❌ Connection error: Error Resource temporarily unavailable Cannot lock port
[2025-06-27 11:50:35] ERROR: ❌ Polling error: Error Resource temporarily unavailable Cannot lock port
[2025-06-27 11:50:36] ERROR: [Modbus Client] ❌ Connection error: Error Resource temporarily unavailable Cannot lock port
[2025-06-27 11:50:36] ERROR: ❌ Polling error: Error Resource temporarily unavailable Cannot lock port
[2025-06-27 11:50:37] ERROR: [Modbus Client] ❌ Connection error: Error Resource temporarily unavailable Cannot lock port
[2025-06-27 11:50:37] ERROR: ❌ Polling error: Error Resource temporarily unavailable Cannot lock port
[2025-06-27 11:50:38] ERROR: [Modbus Client] ❌ Connection error: Error Resource temporarily unavailable Cannot lock port
[2025-06-27 11:50:38] ERROR: ❌ Polling error: Error Resource temporarily unavailable Cannot lock port
[2025-06-27 11:50:39] ERROR: [Modbus Client] ❌ Connection error: Error Resource temporarily unavailable Cannot lock port
[2025-06-27 11:50:39] ERROR: ❌ Polling error: Error Resource temporarily unavailable Cannot lock port
[2025-06-27 11:50:40] ERROR: [Modbus Client] ❌ Connection error: Error Resource temporarily unavailable Cannot lock port
[2025-06-27 11:50:40] ERROR: ❌ Polling error: Error Resource temporarily unavailable Cannot lock port
[2025-06-27 11:50:41] ERROR: [Modbus Client] ❌ Connection error: Error Resource temporarily unavailable Cannot lock port
[2025-06-27 11:50:41] ERROR: ❌ Polling error: Error Resource temporarily unavailable Cannot lock port
[2025-06-27 11:50:42] ERROR: [Modbus Client] ❌ Connection error: Error Resource temporarily unavailable Cannot lock port
[2025-06-27 11:50:42] ERROR: ❌ Polling error: Error Resource temporarily unavailable Cannot lock port
[2025-06-27 11:50:43] ERROR: [Modbus Client] ❌ Connection error: Error Resource temporarily unavailable Cannot lock port
[2025-06-27 11:50:43] ERROR: ❌ Polling error: Error Resource temporarily unavailable Cannot lock port
[2025-06-27 11:50:44] ERROR: [Modbus Client] ❌ Connection error: Error Resource temporarily unavailable Cannot lock port
[2025-06-27 11:50:44] ERROR: ❌ Polling error: Error Resource temporarily unavailable Cannot lock port
[2025-06-27 11:50:45] ERROR: [Modbus Client] ❌ Connection error: Error Resource temporarily unavailable Cannot lock port
[2025-06-27 11:50:45] ERROR: ❌ Polling error: Error Resource temporarily unavailable Cannot lock port
[2025-06-27 11:50:46] ERROR: [Modbus Client] ❌ Connection error: Error Resource temporarily unavailable Cannot lock port
[2025-06-27 11:50:46] ERROR: ❌ Polling error: Error Resource temporarily unavailable Cannot lock port
[2025-06-27 11:50:47] ERROR: [Modbus Client] ❌ Connection error: Error Resource temporarily unavailable Cannot lock port
[2025-06-27 11:50:47] ERROR: ❌ Polling error: Error Resource temporarily unavailable Cannot lock port
[2025-06-27 11:50:48] ERROR: [Modbus Client] ❌ Connection error: Error Resource temporarily unavailable Cannot lock port
[2025-06-27 11:50:48] ERROR: ❌ Polling error: Error Resource temporarily unavailable Cannot lock port
[2025-06-27 11:50:49] ERROR: [Modbus Client] ❌ Connection error: Error Resource temporarily unavailable Cannot lock port
[2025-06-27 11:50:49] ERROR: ❌ Polling error: Error Resource temporarily unavailable Cannot lock port
[2025-06-27 11:50:50] ERROR: [Modbus Client] ❌ Connection error: Error Resource temporarily unavailable Cannot lock port
[2025-06-27 11:50:50] ERROR: ❌ Polling error: Error Resource temporarily unavailable Cannot lock port
[2025-06-27 11:50:51] ERROR: [Modbus Client] ❌ Connection error: Error Resource temporarily unavailable Cannot lock port
[2025-06-27 11:50:51] ERROR: ❌ Polling error: Error Resource temporarily unavailable Cannot lock port
[2025-06-27 11:50:52] ERROR: [Modbus Client] ❌ Connection error: Error Resource temporarily unavailable Cannot lock port
[2025-06-27 11:50:52] ERROR: ❌ Polling error: Error Resource temporarily unavailable Cannot lock port
[2025-06-27 11:50:53] ERROR: [Modbus Client] ❌ Connection error: Error Resource temporarily unavailable Cannot lock port
[2025-06-27 11:50:53] ERROR: ❌ Polling error: Error Resource temporarily unavailable Cannot lock port
[2025-06-27 11:50:54] ERROR: [Modbus Client] ❌ Connection error: Error Resource temporarily unavailable Cannot lock port
[2025-06-27 11:50:54] ERROR: ❌ Polling error: Error Resource temporarily unavailable Cannot lock port
[2025-06-27 11:50:55] ERROR: [Modbus Client] ❌ Connection error: Error Resource temporarily unavailable Cannot lock port
[2025-06-27 11:50:55] ERROR: ❌ Polling error: Error Resource temporarily unavailable Cannot lock port
[2025-06-27 11:50:56] ERROR: [Modbus Client] ❌ Connection error: Error Resource temporarily unavailable Cannot lock port
[2025-06-27 11:50:56] ERROR: ❌ Polling error: Error Resource temporarily unavailable Cannot lock port
[2025-06-27 11:50:57] ERROR: [Modbus Client] ❌ Connection error: Error Resource temporarily unavailable Cannot lock port
[2025-06-27 11:50:57] ERROR: ❌ Polling error: Error Resource temporarily unavailable Cannot lock port
[2025-06-27 11:50:58] ERROR: [Modbus Client] ❌ Connection error: Error Resource temporarily unavailable Cannot lock port
[2025-06-27 11:50:58] ERROR: ❌ Polling error: Error Resource temporarily unavailable Cannot lock port
[2025-06-27 11:50:59] ERROR: [Modbus Client] ❌ Connection error: Error Resource temporarily unavailable Cannot lock port
[2025-06-27 11:50:59] ERROR: ❌ Polling error: Error Resource temporarily unavailable Cannot lock port
[2025-06-27 11:51:00] ERROR: [Modbus Client] ❌ Connection error: Error Resource temporarily unavailable Cannot lock port
[2025-06-27 11:51:00] ERROR: ❌ Polling error: Error Resource temporarily unavailable Cannot lock port
[2025-06-27 11:51:01] ERROR: [Modbus Client] ❌ Connection error: Error Resource temporarily unavailable Cannot lock port
[2025-06-27 11:51:01] ERROR: ❌ Polling error: Error Resource temporarily unavailable Cannot lock port
[2025-06-27 11:51:02] ERROR: [Modbus Client] ❌ Connection error: Error Resource temporarily unavailable Cannot lock port
[2025-06-27 11:51:02] ERROR: ❌ Polling error: Error Resource temporarily unavailable Cannot lock port
[2025-06-27 11:51:03] ERROR: [Modbus Client] ❌ Connection error: Error Resource temporarily unavailable Cannot lock port
[2025-06-27 11:51:03] ERROR: ❌ Polling error: Error Resource temporarily unavailable Cannot lock port
[2025-06-27 11:51:04] ERROR: [Modbus Client] ❌ Connection error: Error Resource temporarily unavailable Cannot lock port
[2025-06-27 11:51:04] ERROR: ❌ Polling error: Error Resource temporarily unavailable Cannot lock port
[2025-06-27 11:51:05] ERROR: [Modbus Client] ❌ Connection error: Error Resource temporarily unavailable Cannot lock port
[2025-06-27 11:51:05] ERROR: ❌ Polling error: Error Resource temporarily unavailable Cannot lock port
[2025-06-27 11:51:06] ERROR: [Modbus Client] ❌ Connection error: Error Resource temporarily unavailable Cannot lock port
[2025-06-27 11:51:06] ERROR: ❌ Polling error: Error Resource temporarily unavailable Cannot lock port
[2025-06-27 11:51:07] ERROR: [Modbus Client] ❌ Connection error: Error Resource temporarily unavailable Cannot lock port
[2025-06-27 11:51:07] ERROR: ❌ Polling error: Error Resource temporarily unavailable Cannot lock port
[2025-06-27 11:51:08] ERROR: [Modbus Client] ❌ Connection error: Error Resource temporarily unavailable Cannot lock port
[2025-06-27 11:51:08] ERROR: ❌ Polling error: Error Resource temporarily unavailable Cannot lock port
[2025-06-27 11:51:09] ERROR: [Modbus Client] ❌ Connection error: Error Resource temporarily unavailable Cannot lock port
[2025-06-27 11:51:09] ERROR: ❌ Polling error: Error Resource temporarily unavailable Cannot lock port
[2025-06-27 11:51:10] ERROR: [Modbus Client] ❌ Connection error: Error Resource temporarily unavailable Cannot lock port
[2025-06-27 11:51:10] ERROR: ❌ Polling error: Error Resource temporarily unavailable Cannot lock port
[2025-06-27 11:51:11] ERROR: [Modbus Client] ❌ Connection error: Error Resource temporarily unavailable Cannot lock port
[2025-06-27 11:51:11] ERROR: ❌ Polling error: Error Resource temporarily unavailable Cannot lock port
[2025-06-27 11:51:12] ERROR: [Modbus Client] ❌ Connection error: Error Resource temporarily unavailable Cannot lock port
[2025-06-27 11:51:12] ERROR: ❌ Polling error: Error Resource temporarily unavailable Cannot lock port
[2025-06-27 11:51:13] ERROR: [Modbus Client] ❌ Connection error: Error Resource temporarily unavailable Cannot lock port
[2025-06-27 11:51:13] ERROR: ❌ Polling error: Error Resource temporarily unavailable Cannot lock port
[2025-06-27 11:51:14] ERROR: [Modbus Client] ❌ Connection error: Error Resource temporarily unavailable Cannot lock port
[2025-06-27 11:51:14] ERROR: ❌ Polling error: Error Resource temporarily unavailable Cannot lock port
[2025-06-27 11:51:15] ERROR: [Modbus Client] ❌ Connection error: Error Resource temporarily unavailable Cannot lock port
[2025-06-27 11:51:15] ERROR: ❌ Polling error: Error Resource temporarily unavailable Cannot lock port
[2025-06-27 11:51:16] ERROR: [Modbus Client] ❌ Connection error: Error Resource temporarily unavailable Cannot lock port
[2025-06-27 11:51:16] ERROR: ❌ Polling error: Error Resource temporarily unavailable Cannot lock port
[2025-06-27 11:51:17] ERROR: [Modbus Client] ❌ Connection error: Error Resource temporarily unavailable Cannot lock port
[2025-06-27 11:51:17] ERROR: ❌ Polling error: Error Resource temporarily unavailable Cannot lock port
[2025-06-27 11:51:18] ERROR: [Modbus Client] ❌ Connection error: Error Resource temporarily unavailable Cannot lock port
[2025-06-27 11:51:18] ERROR: ❌ Polling error: Error Resource temporarily unavailable Cannot lock port
[2025-06-27 11:51:19] ERROR: [Modbus Client] ❌ Connection error: Error Resource temporarily unavailable Cannot lock port
[2025-06-27 11:51:19] ERROR: ❌ Polling error: Error Resource temporarily unavailable Cannot lock port
[2025-06-27 11:51:20] ERROR: [Modbus Client] ❌ Connection error: Error Resource temporarily unavailable Cannot lock port
[2025-06-27 11:51:20] ERROR: ❌ Polling error: Error Resource temporarily unavailable Cannot lock port
[2025-06-27 11:51:21] ERROR: [Modbus Client] ❌ Connection error: Error Resource temporarily unavailable Cannot lock port
[2025-06-27 11:51:21] ERROR: ❌ Polling error: Error Resource temporarily unavailable Cannot lock port
[2025-06-27 11:51:22] ERROR: [Modbus Client] ❌ Connection error: Error Resource temporarily unavailable Cannot lock port
[2025-06-27 11:51:22] ERROR: ❌ Polling error: Error Resource temporarily unavailable Cannot lock port
[2025-06-27 11:51:23] ERROR: [Modbus Client] ❌ Connection error: Error Resource temporarily unavailable Cannot lock port
[2025-06-27 11:51:23] ERROR: ❌ Polling error: Error Resource temporarily unavailable Cannot lock port
[2025-06-27 11:51:24] ERROR: [Modbus Client] ❌ Connection error: Error Resource temporarily unavailable Cannot lock port
[2025-06-27 11:51:24] ERROR: ❌ Polling error: Error Resource temporarily unavailable Cannot lock port
[2025-06-27 11:51:25] ERROR: [Modbus Client] ❌ Connection error: Error Resource temporarily unavailable Cannot lock port
[2025-06-27 11:51:25] ERROR: ❌ Polling error: Error Resource temporarily unavailable Cannot lock port
[2025-06-27 11:51:26] ERROR: [Modbus Client] ❌ Connection error: Error Resource temporarily unavailable Cannot lock port
[2025-06-27 11:51:26] ERROR: ❌ Polling error: Error Resource temporarily unavailable Cannot lock port
[2025-06-27 11:51:27] ERROR: [Modbus Client] ❌ Connection error: Error Resource temporarily unavailable Cannot lock port
[2025-06-27 11:51:27] ERROR: ❌ Polling error: Error Resource temporarily unavailable Cannot lock port
[2025-06-27 11:51:28] ERROR: [Modbus Client] ❌ Connection error: Error Resource temporarily unavailable Cannot lock port
[2025-06-27 11:51:28] ERROR: ❌ Polling error: Error Resource temporarily unavailable Cannot lock port
[2025-06-27 11:51:29] ERROR: [Modbus Client] ❌ Connection error: Error Resource temporarily unavailable Cannot lock port
[2025-06-27 11:51:29] ERROR: ❌ Polling error: Error Resource temporarily unavailable Cannot lock port
[2025-06-27 11:51:30] ERROR: [Modbus Client] ❌ Connection error: Error Resource temporarily unavailable Cannot lock port
[2025-06-27 11:51:30] ERROR: ❌ Polling error: Error Resource temporarily unavailable Cannot lock port
[2025-06-27 11:51:31] ERROR: [Modbus Client] ❌ Connection error: Error Resource temporarily unavailable Cannot lock port
[2025-06-27 11:51:31] ERROR: ❌ Polling error: Error Resource temporarily unavailable Cannot lock port
[2025-06-27 11:51:32] ERROR: [Modbus Client] ❌ Connection error: Error Resource temporarily unavailable Cannot lock port
[2025-06-27 11:51:32] ERROR: ❌ Polling error: Error Resource temporarily unavailable Cannot lock port
[2025-06-27 11:51:33] ERROR: [Modbus Client] ❌ Connection error: Error Resource temporarily unavailable Cannot lock port
[2025-06-27 11:51:33] ERROR: ❌ Polling error: Error Resource temporarily unavailable Cannot lock port
[2025-06-27 11:51:34] ERROR: [Modbus Client] ❌ Connection error: Error Resource temporarily unavailable Cannot lock port
[2025-06-27 11:51:34] ERROR: ❌ Polling error: Error Resource temporarily unavailable Cannot lock port
[2025-06-27 11:51:35] ERROR: [Modbus Client] ❌ Connection error: Error Resource temporarily unavailable Cannot lock port
[2025-06-27 11:51:35] ERROR: ❌ Polling error: Error Resource temporarily unavailable Cannot lock port
[2025-06-27 11:51:36] ERROR: [Modbus Client] ❌ Connection error: Error Resource temporarily unavailable Cannot lock port
[2025-06-27 11:51:36] ERROR: ❌ Polling error: Error Resource temporarily unavailable Cannot lock port
[2025-06-27 11:51:37] ERROR: [Modbus Client] ❌ Connection error: Error Resource temporarily unavailable Cannot lock port
[2025-06-27 11:51:37] ERROR: ❌ Polling error: Error Resource temporarily unavailable Cannot lock port
[2025-06-27 11:51:38] ERROR: [Modbus Client] ❌ Connection error: Error Resource temporarily unavailable Cannot lock port
[2025-06-27 11:51:38] ERROR: ❌ Polling error: Error Resource temporarily unavailable Cannot lock port
[2025-06-27 11:51:39] ERROR: [Modbus Client] ❌ Connection error: Error Resource temporarily unavailable Cannot lock port
[2025-06-27 11:51:39] ERROR: ❌ Polling error: Error Resource temporarily unavailable Cannot lock port
[2025-06-27 11:51:40] ERROR: [Modbus Client] ❌ Connection error: Error Resource temporarily unavailable Cannot lock port
[2025-06-27 11:51:40] ERROR: ❌ Polling error: Error Resource temporarily unavailable Cannot lock port
[2025-06-27 11:51:56] INFO: ✅ DB connected.
[2025-06-27 11:51:56] INFO: ✅ DB synced.
[2025-06-27 11:51:56] INFO: ⏱️ Polling every 1000 ms
[2025-06-27 11:51:56] INFO: 🌍 WebSocket + Web running on :4000
[2025-06-27 11:51:57] ERROR: [Modbus Client] ❌ Connection error: logger.infor is not a function
[2025-06-27 11:51:57] ERROR: ❌ Polling error: logger.infor is not a function
[2025-06-27 11:51:58] ERROR: [Modbus Client] ❌ Connection error: Error Resource temporarily unavailable Cannot lock port
[2025-06-27 11:51:58] ERROR: ❌ Polling error: Error Resource temporarily unavailable Cannot lock port
[2025-06-27 11:51:59] ERROR: [Modbus Client] ❌ Connection error: Error Resource temporarily unavailable Cannot lock port
[2025-06-27 11:51:59] ERROR: ❌ Polling error: Error Resource temporarily unavailable Cannot lock port
[2025-06-27 11:52:00] ERROR: [Modbus Client] ❌ Connection error: Error Resource temporarily unavailable Cannot lock port
[2025-06-27 11:52:00] ERROR: ❌ Polling error: Error Resource temporarily unavailable Cannot lock port
[2025-06-27 11:52:01] ERROR: [Modbus Client] ❌ Connection error: Error Resource temporarily unavailable Cannot lock port
[2025-06-27 11:52:01] ERROR: ❌ Polling error: Error Resource temporarily unavailable Cannot lock port
[2025-06-27 11:52:02] ERROR: [Modbus Client] ❌ Connection error: Error Resource temporarily unavailable Cannot lock port
[2025-06-27 11:52:02] ERROR: ❌ Polling error: Error Resource temporarily unavailable Cannot lock port
[2025-06-27 11:52:03] ERROR: [Modbus Client] ❌ Connection error: Error Resource temporarily unavailable Cannot lock port
[2025-06-27 11:52:03] ERROR: ❌ Polling error: Error Resource temporarily unavailable Cannot lock port
[2025-06-27 11:52:04] ERROR: [Modbus Client] ❌ Connection error: Error Resource temporarily unavailable Cannot lock port
[2025-06-27 11:52:04] ERROR: ❌ Polling error: Error Resource temporarily unavailable Cannot lock port
[2025-06-27 11:52:05] ERROR: [Modbus Client] ❌ Connection error: Error Resource temporarily unavailable Cannot lock port
[2025-06-27 11:52:05] ERROR: ❌ Polling error: Error Resource temporarily unavailable Cannot lock port
[2025-06-27 11:52:06] ERROR: [Modbus Client] ❌ Connection error: Error Resource temporarily unavailable Cannot lock port
[2025-06-27 11:52:06] ERROR: ❌ Polling error: Error Resource temporarily unavailable Cannot lock port
[2025-06-27 11:52:07] ERROR: [Modbus Client] ❌ Connection error: Error Resource temporarily unavailable Cannot lock port
[2025-06-27 11:52:07] ERROR: ❌ Polling error: Error Resource temporarily unavailable Cannot lock port
[2025-06-27 11:52:08] ERROR: [Modbus Client] ❌ Connection error: Error Resource temporarily unavailable Cannot lock port
[2025-06-27 11:52:08] ERROR: ❌ Polling error: Error Resource temporarily unavailable Cannot lock port
[2025-06-27 11:52:09] ERROR: [Modbus Client] ❌ Connection error: Error Resource temporarily unavailable Cannot lock port
[2025-06-27 11:52:09] ERROR: ❌ Polling error: Error Resource temporarily unavailable Cannot lock port
[2025-06-27 11:52:10] ERROR: [Modbus Client] ❌ Connection error: Error Resource temporarily unavailable Cannot lock port
[2025-06-27 11:52:10] ERROR: ❌ Polling error: Error Resource temporarily unavailable Cannot lock port
[2025-06-27 11:52:11] ERROR: [Modbus Client] ❌ Connection error: Error Resource temporarily unavailable Cannot lock port
[2025-06-27 11:52:11] ERROR: ❌ Polling error: Error Resource temporarily unavailable Cannot lock port
[2025-06-27 11:52:12] ERROR: [Modbus Client] ❌ Connection error: Error Resource temporarily unavailable Cannot lock port
[2025-06-27 11:52:12] ERROR: ❌ Polling error: Error Resource temporarily unavailable Cannot lock port
[2025-06-27 11:52:13] ERROR: [Modbus Client] ❌ Connection error: Error Resource temporarily unavailable Cannot lock port
[2025-06-27 11:52:13] ERROR: ❌ Polling error: Error Resource temporarily unavailable Cannot lock port
[2025-06-27 11:52:14] ERROR: [Modbus Client] ❌ Connection error: Error Resource temporarily unavailable Cannot lock port
[2025-06-27 11:52:14] ERROR: ❌ Polling error: Error Resource temporarily unavailable Cannot lock port
[2025-06-27 11:52:15] ERROR: [Modbus Client] ❌ Connection error: Error Resource temporarily unavailable Cannot lock port
[2025-06-27 11:52:15] ERROR: ❌ Polling error: Error Resource temporarily unavailable Cannot lock port
[2025-06-27 11:52:16] ERROR: [Modbus Client] ❌ Connection error: Error Resource temporarily unavailable Cannot lock port
[2025-06-27 11:52:16] ERROR: ❌ Polling error: Error Resource temporarily unavailable Cannot lock port
[2025-06-27 11:52:17] ERROR: [Modbus Client] ❌ Connection error: Error Resource temporarily unavailable Cannot lock port
[2025-06-27 11:52:17] ERROR: ❌ Polling error: Error Resource temporarily unavailable Cannot lock port
[2025-06-27 11:52:18] ERROR: [Modbus Client] ❌ Connection error: Error Resource temporarily unavailable Cannot lock port
[2025-06-27 11:52:18] ERROR: ❌ Polling error: Error Resource temporarily unavailable Cannot lock port
[2025-06-27 11:52:19] ERROR: [Modbus Client] ❌ Connection error: Error Resource temporarily unavailable Cannot lock port
[2025-06-27 11:52:19] ERROR: ❌ Polling error: Error Resource temporarily unavailable Cannot lock port
[2025-06-27 11:52:20] ERROR: [Modbus Client] ❌ Connection error: Error Resource temporarily unavailable Cannot lock port
[2025-06-27 11:52:20] ERROR: ❌ Polling error: Error Resource temporarily unavailable Cannot lock port
[2025-06-27 11:52:21] ERROR: [Modbus Client] ❌ Connection error: Error Resource temporarily unavailable Cannot lock port
[2025-06-27 11:52:21] ERROR: ❌ Polling error: Error Resource temporarily unavailable Cannot lock port
[2025-06-27 11:52:22] ERROR: [Modbus Client] ❌ Connection error: Error Resource temporarily unavailable Cannot lock port
[2025-06-27 11:52:22] ERROR: ❌ Polling error: Error Resource temporarily unavailable Cannot lock port
[2025-06-27 11:52:23] ERROR: [Modbus Client] ❌ Connection error: Error Resource temporarily unavailable Cannot lock port
[2025-06-27 11:52:23] ERROR: ❌ Polling error: Error Resource temporarily unavailable Cannot lock port
[2025-06-27 11:52:24] ERROR: [Modbus Client] ❌ Connection error: Error Resource temporarily unavailable Cannot lock port
[2025-06-27 11:52:24] ERROR: ❌ Polling error: Error Resource temporarily unavailable Cannot lock port
[2025-06-27 11:52:25] ERROR: [Modbus Client] ❌ Connection error: Error Resource temporarily unavailable Cannot lock port
[2025-06-27 11:52:25] ERROR: ❌ Polling error: Error Resource temporarily unavailable Cannot lock port
[2025-06-27 11:52:26] ERROR: [Modbus Client] ❌ Connection error: Error Resource temporarily unavailable Cannot lock port
[2025-06-27 11:52:26] ERROR: ❌ Polling error: Error Resource temporarily unavailable Cannot lock port
[2025-06-27 11:52:27] ERROR: [Modbus Client] ❌ Connection error: Error Resource temporarily unavailable Cannot lock port
[2025-06-27 11:52:27] ERROR: ❌ Polling error: Error Resource temporarily unavailable Cannot lock port
[2025-06-27 11:52:28] ERROR: [Modbus Client] ❌ Connection error: Error Resource temporarily unavailable Cannot lock port
[2025-06-27 11:52:28] ERROR: ❌ Polling error: Error Resource temporarily unavailable Cannot lock port
[2025-06-27 11:52:29] ERROR: [Modbus Client] ❌ Connection error: Error Resource temporarily unavailable Cannot lock port
[2025-06-27 11:52:29] ERROR: ❌ Polling error: Error Resource temporarily unavailable Cannot lock port
[2025-06-27 11:52:30] ERROR: [Modbus Client] ❌ Connection error: Error Resource temporarily unavailable Cannot lock port
[2025-06-27 11:52:30] ERROR: ❌ Polling error: Error Resource temporarily unavailable Cannot lock port
[2025-06-27 11:52:31] ERROR: [Modbus Client] ❌ Connection error: Error Resource temporarily unavailable Cannot lock port
[2025-06-27 11:52:31] ERROR: ❌ Polling error: Error Resource temporarily unavailable Cannot lock port
[2025-06-27 11:52:32] ERROR: [Modbus Client] ❌ Connection error: Error Resource temporarily unavailable Cannot lock port
[2025-06-27 11:52:32] ERROR: ❌ Polling error: Error Resource temporarily unavailable Cannot lock port
[2025-06-27 11:52:33] ERROR: [Modbus Client] ❌ Connection error: Error Resource temporarily unavailable Cannot lock port
[2025-06-27 11:52:33] ERROR: ❌ Polling error: Error Resource temporarily unavailable Cannot lock port
[2025-06-27 11:52:34] ERROR: [Modbus Client] ❌ Connection error: Error Resource temporarily unavailable Cannot lock port
[2025-06-27 11:52:34] ERROR: ❌ Polling error: Error Resource temporarily unavailable Cannot lock port
[2025-06-27 11:52:35] ERROR: [Modbus Client] ❌ Connection error: Error Resource temporarily unavailable Cannot lock port
[2025-06-27 11:52:35] ERROR: ❌ Polling error: Error Resource temporarily unavailable Cannot lock port
[2025-06-27 11:52:36] ERROR: [Modbus Client] ❌ Connection error: Error Resource temporarily unavailable Cannot lock port
[2025-06-27 11:52:36] ERROR: ❌ Polling error: Error Resource temporarily unavailable Cannot lock port
[2025-06-27 11:52:37] ERROR: [Modbus Client] ❌ Connection error: Error Resource temporarily unavailable Cannot lock port
[2025-06-27 11:52:37] ERROR: ❌ Polling error: Error Resource temporarily unavailable Cannot lock port
[2025-06-27 11:52:38] ERROR: [Modbus Client] ❌ Connection error: Error Resource temporarily unavailable Cannot lock port
[2025-06-27 11:52:38] ERROR: ❌ Polling error: Error Resource temporarily unavailable Cannot lock port
[2025-06-27 11:52:39] ERROR: [Modbus Client] ❌ Connection error: Error Resource temporarily unavailable Cannot lock port
[2025-06-27 11:52:39] ERROR: ❌ Polling error: Error Resource temporarily unavailable Cannot lock port
[2025-06-27 11:52:40] ERROR: [Modbus Client] ❌ Connection error: Error Resource temporarily unavailable Cannot lock port
[2025-06-27 11:52:40] ERROR: ❌ Polling error: Error Resource temporarily unavailable Cannot lock port
[2025-06-27 11:52:41] ERROR: [Modbus Client] ❌ Connection error: Error Resource temporarily unavailable Cannot lock port
[2025-06-27 11:52:41] ERROR: ❌ Polling error: Error Resource temporarily unavailable Cannot lock port
[2025-06-27 11:52:42] ERROR: [Modbus Client] ❌ Connection error: Error Resource temporarily unavailable Cannot lock port
[2025-06-27 11:52:42] ERROR: ❌ Polling error: Error Resource temporarily unavailable Cannot lock port
[2025-06-27 11:52:43] ERROR: [Modbus Client] ❌ Connection error: Error Resource temporarily unavailable Cannot lock port
[2025-06-27 11:52:43] ERROR: ❌ Polling error: Error Resource temporarily unavailable Cannot lock port
[2025-06-27 11:52:44] ERROR: [Modbus Client] ❌ Connection error: Error Resource temporarily unavailable Cannot lock port
[2025-06-27 11:52:44] ERROR: ❌ Polling error: Error Resource temporarily unavailable Cannot lock port
[2025-06-27 11:52:45] ERROR: [Modbus Client] ❌ Connection error: Error Resource temporarily unavailable Cannot lock port
[2025-06-27 11:52:45] ERROR: ❌ Polling error: Error Resource temporarily unavailable Cannot lock port
[2025-06-27 11:52:46] ERROR: [Modbus Client] ❌ Connection error: Error Resource temporarily unavailable Cannot lock port
[2025-06-27 11:52:46] ERROR: ❌ Polling error: Error Resource temporarily unavailable Cannot lock port
[2025-06-27 11:52:47] ERROR: [Modbus Client] ❌ Connection error: Error Resource temporarily unavailable Cannot lock port
[2025-06-27 11:52:47] ERROR: ❌ Polling error: Error Resource temporarily unavailable Cannot lock port
[2025-06-27 11:52:48] ERROR: [Modbus Client] ❌ Connection error: Error Resource temporarily unavailable Cannot lock port
[2025-06-27 11:52:48] ERROR: ❌ Polling error: Error Resource temporarily unavailable Cannot lock port
[2025-06-27 11:52:49] ERROR: [Modbus Client] ❌ Connection error: Error Resource temporarily unavailable Cannot lock port
[2025-06-27 11:52:49] ERROR: ❌ Polling error: Error Resource temporarily unavailable Cannot lock port
[2025-06-27 11:52:50] ERROR: [Modbus Client] ❌ Connection error: Error Resource temporarily unavailable Cannot lock port
[2025-06-27 11:52:50] ERROR: ❌ Polling error: Error Resource temporarily unavailable Cannot lock port
[2025-06-27 11:52:51] ERROR: [Modbus Client] ❌ Connection error: Error Resource temporarily unavailable Cannot lock port
[2025-06-27 11:52:51] ERROR: ❌ Polling error: Error Resource temporarily unavailable Cannot lock port
[2025-06-27 11:52:52] ERROR: [Modbus Client] ❌ Connection error: Error Resource temporarily unavailable Cannot lock port
[2025-06-27 11:52:52] ERROR: ❌ Polling error: Error Resource temporarily unavailable Cannot lock port
[2025-06-27 11:52:53] ERROR: [Modbus Client] ❌ Connection error: Error Resource temporarily unavailable Cannot lock port
[2025-06-27 11:52:53] ERROR: ❌ Polling error: Error Resource temporarily unavailable Cannot lock port
[2025-06-27 11:52:54] ERROR: [Modbus Client] ❌ Connection error: Error Resource temporarily unavailable Cannot lock port
[2025-06-27 11:52:54] ERROR: ❌ Polling error: Error Resource temporarily unavailable Cannot lock port
[2025-06-27 11:52:55] ERROR: [Modbus Client] ❌ Connection error: Error Resource temporarily unavailable Cannot lock port
[2025-06-27 11:52:55] ERROR: ❌ Polling error: Error Resource temporarily unavailable Cannot lock port
[2025-06-27 11:52:56] ERROR: [Modbus Client] ❌ Connection error: Error Resource temporarily unavailable Cannot lock port
[2025-06-27 11:52:56] ERROR: ❌ Polling error: Error Resource temporarily unavailable Cannot lock port
[2025-06-27 11:52:57] ERROR: [Modbus Client] ❌ Connection error: Error Resource temporarily unavailable Cannot lock port
[2025-06-27 11:52:57] ERROR: ❌ Polling error: Error Resource temporarily unavailable Cannot lock port
[2025-06-27 11:52:58] ERROR: [Modbus Client] ❌ Connection error: Error Resource temporarily unavailable Cannot lock port
[2025-06-27 11:52:58] ERROR: ❌ Polling error: Error Resource temporarily unavailable Cannot lock port
[2025-06-27 11:52:59] ERROR: [Modbus Client] ❌ Connection error: Error Resource temporarily unavailable Cannot lock port
[2025-06-27 11:52:59] ERROR: ❌ Polling error: Error Resource temporarily unavailable Cannot lock port
[2025-06-27 11:53:00] ERROR: [Modbus Client] ❌ Connection error: Error Resource temporarily unavailable Cannot lock port
[2025-06-27 11:53:00] ERROR: ❌ Polling error: Error Resource temporarily unavailable Cannot lock port
[2025-06-27 11:53:01] ERROR: [Modbus Client] ❌ Connection error: Error Resource temporarily unavailable Cannot lock port
[2025-06-27 11:53:01] ERROR: ❌ Polling error: Error Resource temporarily unavailable Cannot lock port
[2025-06-27 11:53:02] ERROR: [Modbus Client] ❌ Connection error: Error Resource temporarily unavailable Cannot lock port
[2025-06-27 11:53:02] ERROR: ❌ Polling error: Error Resource temporarily unavailable Cannot lock port
[2025-06-27 11:53:03] ERROR: [Modbus Client] ❌ Connection error: Error Resource temporarily unavailable Cannot lock port
[2025-06-27 11:53:03] ERROR: ❌ Polling error: Error Resource temporarily unavailable Cannot lock port
[2025-06-27 11:53:04] ERROR: [Modbus Client] ❌ Connection error: Error Resource temporarily unavailable Cannot lock port
[2025-06-27 11:53:04] ERROR: ❌ Polling error: Error Resource temporarily unavailable Cannot lock port
[2025-06-27 11:53:05] ERROR: [Modbus Client] ❌ Connection error: Error Resource temporarily unavailable Cannot lock port
[2025-06-27 11:53:05] ERROR: ❌ Polling error: Error Resource temporarily unavailable Cannot lock port
[2025-06-27 11:53:06] ERROR: [Modbus Client] ❌ Connection error: Error Resource temporarily unavailable Cannot lock port
[2025-06-27 11:53:06] ERROR: ❌ Polling error: Error Resource temporarily unavailable Cannot lock port
[2025-06-27 11:53:07] ERROR: [Modbus Client] ❌ Connection error: Error Resource temporarily unavailable Cannot lock port
[2025-06-27 11:53:07] ERROR: ❌ Polling error: Error Resource temporarily unavailable Cannot lock port
[2025-06-27 11:53:08] ERROR: [Modbus Client] ❌ Connection error: Error Resource temporarily unavailable Cannot lock port
[2025-06-27 11:53:08] ERROR: ❌ Polling error: Error Resource temporarily unavailable Cannot lock port
[2025-06-27 11:53:09] ERROR: [Modbus Client] ❌ Connection error: Error Resource temporarily unavailable Cannot lock port
[2025-06-27 11:53:09] ERROR: ❌ Polling error: Error Resource temporarily unavailable Cannot lock port
[2025-06-27 11:53:10] ERROR: [Modbus Client] ❌ Connection error: Error Resource temporarily unavailable Cannot lock port
[2025-06-27 11:53:10] ERROR: ❌ Polling error: Error Resource temporarily unavailable Cannot lock port
[2025-06-27 11:53:11] ERROR: [Modbus Client] ❌ Connection error: Error Resource temporarily unavailable Cannot lock port
[2025-06-27 11:53:11] ERROR: ❌ Polling error: Error Resource temporarily unavailable Cannot lock port
[2025-06-27 11:53:12] ERROR: [Modbus Client] ❌ Connection error: Error Resource temporarily unavailable Cannot lock port
[2025-06-27 11:53:12] ERROR: ❌ Polling error: Error Resource temporarily unavailable Cannot lock port
[2025-06-27 11:53:13] ERROR: [Modbus Client] ❌ Connection error: Error Resource temporarily unavailable Cannot lock port
[2025-06-27 11:53:13] ERROR: ❌ Polling error: Error Resource temporarily unavailable Cannot lock port
[2025-06-27 11:53:14] ERROR: [Modbus Client] ❌ Connection error: Error Resource temporarily unavailable Cannot lock port
[2025-06-27 11:53:14] ERROR: ❌ Polling error: Error Resource temporarily unavailable Cannot lock port
[2025-06-27 11:53:15] ERROR: [Modbus Client] ❌ Connection error: Error Resource temporarily unavailable Cannot lock port
[2025-06-27 11:53:15] ERROR: ❌ Polling error: Error Resource temporarily unavailable Cannot lock port
[2025-06-27 11:53:16] ERROR: [Modbus Client] ❌ Connection error: Error Resource temporarily unavailable Cannot lock port
[2025-06-27 11:53:16] ERROR: ❌ Polling error: Error Resource temporarily unavailable Cannot lock port
[2025-06-27 11:53:17] ERROR: [Modbus Client] ❌ Connection error: Error Resource temporarily unavailable Cannot lock port
[2025-06-27 11:53:17] ERROR: ❌ Polling error: Error Resource temporarily unavailable Cannot lock port
[2025-06-27 11:53:18] ERROR: [Modbus Client] ❌ Connection error: Error Resource temporarily unavailable Cannot lock port
[2025-06-27 11:53:18] ERROR: ❌ Polling error: Error Resource temporarily unavailable Cannot lock port
[2025-06-27 11:53:19] ERROR: [Modbus Client] ❌ Connection error: Error Resource temporarily unavailable Cannot lock port
[2025-06-27 11:53:19] ERROR: ❌ Polling error: Error Resource temporarily unavailable Cannot lock port
[2025-06-27 11:53:20] ERROR: [Modbus Client] ❌ Connection error: Error Resource temporarily unavailable Cannot lock port
[2025-06-27 11:53:20] ERROR: ❌ Polling error: Error Resource temporarily unavailable Cannot lock port
[2025-06-27 11:53:21] ERROR: [Modbus Client] ❌ Connection error: Error Resource temporarily unavailable Cannot lock port
[2025-06-27 11:53:21] ERROR: ❌ Polling error: Error Resource temporarily unavailable Cannot lock port
[2025-06-27 11:53:22] ERROR: [Modbus Client] ❌ Connection error: Error Resource temporarily unavailable Cannot lock port
[2025-06-27 11:53:22] ERROR: ❌ Polling error: Error Resource temporarily unavailable Cannot lock port
[2025-06-27 11:53:23] ERROR: [Modbus Client] ❌ Connection error: Error Resource temporarily unavailable Cannot lock port
[2025-06-27 11:53:23] ERROR: ❌ Polling error: Error Resource temporarily unavailable Cannot lock port
[2025-06-27 11:53:24] ERROR: [Modbus Client] ❌ Connection error: Error Resource temporarily unavailable Cannot lock port
[2025-06-27 11:53:24] ERROR: ❌ Polling error: Error Resource temporarily unavailable Cannot lock port
[2025-06-27 11:53:25] ERROR: [Modbus Client] ❌ Connection error: Error Resource temporarily unavailable Cannot lock port
[2025-06-27 11:53:25] ERROR: ❌ Polling error: Error Resource temporarily unavailable Cannot lock port
[2025-06-27 11:53:26] ERROR: [Modbus Client] ❌ Connection error: Error Resource temporarily unavailable Cannot lock port
[2025-06-27 11:53:26] ERROR: ❌ Polling error: Error Resource temporarily unavailable Cannot lock port
[2025-06-27 11:53:27] ERROR: [Modbus Client] ❌ Connection error: Error Resource temporarily unavailable Cannot lock port
[2025-06-27 11:53:27] ERROR: ❌ Polling error: Error Resource temporarily unavailable Cannot lock port
[2025-06-27 11:53:28] ERROR: [Modbus Client] ❌ Connection error: Error Resource temporarily unavailable Cannot lock port
[2025-06-27 11:53:28] ERROR: ❌ Polling error: Error Resource temporarily unavailable Cannot lock port
[2025-06-27 11:53:29] ERROR: [Modbus Client] ❌ Connection error: Error Resource temporarily unavailable Cannot lock port
[2025-06-27 11:53:29] ERROR: ❌ Polling error: Error Resource temporarily unavailable Cannot lock port
[2025-06-27 11:53:30] ERROR: [Modbus Client] ❌ Connection error: Error Resource temporarily unavailable Cannot lock port
[2025-06-27 11:53:30] ERROR: ❌ Polling error: Error Resource temporarily unavailable Cannot lock port
[2025-06-27 11:53:31] ERROR: [Modbus Client] ❌ Connection error: Error Resource temporarily unavailable Cannot lock port
[2025-06-27 11:53:31] ERROR: ❌ Polling error: Error Resource temporarily unavailable Cannot lock port
[2025-06-27 11:53:32] ERROR: [Modbus Client] ❌ Connection error: Error Resource temporarily unavailable Cannot lock port
[2025-06-27 11:53:32] ERROR: ❌ Polling error: Error Resource temporarily unavailable Cannot lock port
[2025-06-27 11:53:33] ERROR: [Modbus Client] ❌ Connection error: Error Resource temporarily unavailable Cannot lock port
[2025-06-27 11:53:33] ERROR: ❌ Polling error: Error Resource temporarily unavailable Cannot lock port
[2025-06-27 11:53:34] ERROR: [Modbus Client] ❌ Connection error: Error Resource temporarily unavailable Cannot lock port
[2025-06-27 11:53:34] ERROR: ❌ Polling error: Error Resource temporarily unavailable Cannot lock port
[2025-06-27 11:53:35] ERROR: [Modbus Client] ❌ Connection error: Error Resource temporarily unavailable Cannot lock port
[2025-06-27 11:53:35] ERROR: ❌ Polling error: Error Resource temporarily unavailable Cannot lock port
[2025-06-27 11:53:36] ERROR: [Modbus Client] ❌ Connection error: Error Resource temporarily unavailable Cannot lock port
[2025-06-27 11:53:36] ERROR: ❌ Polling error: Error Resource temporarily unavailable Cannot lock port
[2025-06-27 11:53:37] ERROR: [Modbus Client] ❌ Connection error: Error Resource temporarily unavailable Cannot lock port
[2025-06-27 11:53:37] ERROR: ❌ Polling error: Error Resource temporarily unavailable Cannot lock port
[2025-06-27 11:53:38] ERROR: [Modbus Client] ❌ Connection error: Error Resource temporarily unavailable Cannot lock port
[2025-06-27 11:53:38] ERROR: ❌ Polling error: Error Resource temporarily unavailable Cannot lock port
[2025-06-27 11:53:39] ERROR: [Modbus Client] ❌ Connection error: Error Resource temporarily unavailable Cannot lock port
[2025-06-27 11:53:39] ERROR: ❌ Polling error: Error Resource temporarily unavailable Cannot lock port
[2025-06-27 11:53:40] ERROR: [Modbus Client] ❌ Connection error: Error Resource temporarily unavailable Cannot lock port
[2025-06-27 11:53:40] ERROR: ❌ Polling error: Error Resource temporarily unavailable Cannot lock port
[2025-06-27 11:53:41] ERROR: [Modbus Client] ❌ Connection error: Error Resource temporarily unavailable Cannot lock port
[2025-06-27 11:53:41] ERROR: ❌ Polling error: Error Resource temporarily unavailable Cannot lock port
[2025-06-27 11:53:44] INFO: ✅ DB connected.
[2025-06-27 11:53:44] INFO: ✅ DB synced.
[2025-06-27 11:53:44] INFO: ⏱️ Polling every 1000 ms
[2025-06-27 11:53:44] INFO: 🌍 WebSocket + Web running on :4000
[2025-06-27 11:53:45] INFO: [Modbus Client] ✅ Connected to /dev/ttyUSB0 at 57600 baud
[2025-06-27 11:53:45] INFO: [Modbus Poller] 📥 Snapshot written: {"slave1_ch1_voltage":4.747,"slave1_ch2_voltage":1.17,"slave1_ch3_voltage":5.048,"slave1_ch4_voltage":1.202,"slave1_ch5_voltage":5.109,"slave1_ch6_voltage":1.18,"slave1_ch7_voltage":4.853,"slave1_ch8_voltage":1.174,"slave2_ch1_voltage":5.187,"slave2_ch2_voltage":1.164,"slave2_ch3_voltage":5.134,"slave2_ch4_voltage":1.17,"slave2_ch5_voltage":5.155,"slave2_ch6_voltage":1.171,"slave2_ch7_voltage":5.13,"slave2_ch8_voltage":1.159,"slave3_ch1_voltage":5.212,"slave3_ch2_voltage":1.151,"slave3_ch3_voltage":5.18,"slave3_ch4_voltage":1.15,"slave3_ch5_voltage":0,"slave3_ch6_voltage":0,"slave3_ch7_voltage":0,"slave3_ch8_voltage":0,"timestamp":"2025-06-27T15:53:45.531Z"}
[2025-06-27 11:53:46] INFO: [Modbus Client] ✅ Connected to /dev/ttyUSB0 at 57600 baud
[2025-06-27 11:53:46] INFO: [Modbus Poller] 📥 Snapshot written: {"slave1_ch1_voltage":4.747,"slave1_ch2_voltage":1.17,"slave1_ch3_voltage":5.048,"slave1_ch4_voltage":1.202,"slave1_ch5_voltage":5.108,"slave1_ch6_voltage":1.181,"slave1_ch7_voltage":4.852,"slave1_ch8_voltage":1.173,"slave2_ch1_voltage":5.187,"slave2_ch2_voltage":1.164,"slave2_ch3_voltage":5.134,"slave2_ch4_voltage":1.169,"slave2_ch5_voltage":5.155,"slave2_ch6_voltage":1.17,"slave2_ch7_voltage":5.131,"slave2_ch8_voltage":1.158,"slave3_ch1_voltage":5.212,"slave3_ch2_voltage":1.151,"slave3_ch3_voltage":5.18,"slave3_ch4_voltage":1.15,"slave3_ch5_voltage":0,"slave3_ch6_voltage":0,"slave3_ch7_voltage":0,"slave3_ch8_voltage":0,"timestamp":"2025-06-27T15:53:46.522Z"}
[2025-06-27 11:53:47] INFO: [Modbus Client] ✅ Connected to /dev/ttyUSB0 at 57600 baud
[2025-06-27 11:53:47] INFO: [Modbus Poller] 📥 Snapshot written: {"slave1_ch1_voltage":4.748,"slave1_ch2_voltage":1.17,"slave1_ch3_voltage":5.048,"slave1_ch4_voltage":1.202,"slave1_ch5_voltage":5.109,"slave1_ch6_voltage":1.181,"slave1_ch7_voltage":4.852,"slave1_ch8_voltage":1.173,"slave2_ch1_voltage":5.187,"slave2_ch2_voltage":1.164,"slave2_ch3_voltage":5.133,"slave2_ch4_voltage":1.169,"slave2_ch5_voltage":5.155,"slave2_ch6_voltage":1.171,"slave2_ch7_voltage":5.131,"slave2_ch8_voltage":1.158,"slave3_ch1_voltage":5.212,"slave3_ch2_voltage":1.151,"slave3_ch3_voltage":5.18,"slave3_ch4_voltage":1.15,"slave3_ch5_voltage":0,"slave3_ch6_voltage":0,"slave3_ch7_voltage":0,"slave3_ch8_voltage":0,"timestamp":"2025-06-27T15:53:47.525Z"}
[2025-06-27 11:53:48] INFO: [Modbus Client] ✅ Connected to /dev/ttyUSB0 at 57600 baud
[2025-06-27 11:53:48] INFO: [Modbus Poller] 📥 Snapshot written: {"slave1_ch1_voltage":4.747,"slave1_ch2_voltage":1.17,"slave1_ch3_voltage":5.049,"slave1_ch4_voltage":1.202,"slave1_ch5_voltage":5.109,"slave1_ch6_voltage":1.181,"slave1_ch7_voltage":4.852,"slave1_ch8_voltage":1.173,"slave2_ch1_voltage":5.187,"slave2_ch2_voltage":1.164,"slave2_ch3_voltage":5.134,"slave2_ch4_voltage":1.17,"slave2_ch5_voltage":5.155,"slave2_ch6_voltage":1.17,"slave2_ch7_voltage":5.13,"slave2_ch8_voltage":1.158,"slave3_ch1_voltage":5.212,"slave3_ch2_voltage":1.151,"slave3_ch3_voltage":5.179,"slave3_ch4_voltage":1.151,"slave3_ch5_voltage":0,"slave3_ch6_voltage":0,"slave3_ch7_voltage":0,"slave3_ch8_voltage":0,"timestamp":"2025-06-27T15:53:48.524Z"}
[2025-06-27 11:53:49] INFO: [Modbus Client] ✅ Connected to /dev/ttyUSB0 at 57600 baud
[2025-06-27 11:53:49] INFO: [Modbus Poller] 📥 Snapshot written: {"slave1_ch1_voltage":4.747,"slave1_ch2_voltage":1.17,"slave1_ch3_voltage":5.048,"slave1_ch4_voltage":1.202,"slave1_ch5_voltage":5.109,"slave1_ch6_voltage":1.181,"slave1_ch7_voltage":4.853,"slave1_ch8_voltage":1.173,"slave2_ch1_voltage":5.187,"slave2_ch2_voltage":1.164,"slave2_ch3_voltage":5.134,"slave2_ch4_voltage":1.169,"slave2_ch5_voltage":5.155,"slave2_ch6_voltage":1.171,"slave2_ch7_voltage":5.131,"slave2_ch8_voltage":1.158,"slave3_ch1_voltage":5.212,"slave3_ch2_voltage":1.151,"slave3_ch3_voltage":5.18,"slave3_ch4_voltage":1.15,"slave3_ch5_voltage":0,"slave3_ch6_voltage":0,"slave3_ch7_voltage":0,"slave3_ch8_voltage":0,"timestamp":"2025-06-27T15:53:49.526Z"}
[2025-06-27 11:53:50] INFO: [Modbus Client] ✅ Connected to /dev/ttyUSB0 at 57600 baud
[2025-06-27 11:53:50] INFO: [Modbus Poller] 📥 Snapshot written: {"slave1_ch1_voltage":4.747,"slave1_ch2_voltage":1.17,"slave1_ch3_voltage":5.048,"slave1_ch4_voltage":1.203,"slave1_ch5_voltage":5.109,"slave1_ch6_voltage":1.181,"slave1_ch7_voltage":4.852,"slave1_ch8_voltage":1.173,"slave2_ch1_voltage":5.187,"slave2_ch2_voltage":1.164,"slave2_ch3_voltage":5.134,"slave2_ch4_voltage":1.169,"slave2_ch5_voltage":5.155,"slave2_ch6_voltage":1.171,"slave2_ch7_voltage":5.13,"slave2_ch8_voltage":1.158,"slave3_ch1_voltage":5.212,"slave3_ch2_voltage":1.151,"slave3_ch3_voltage":5.18,"slave3_ch4_voltage":1.15,"slave3_ch5_voltage":0,"slave3_ch6_voltage":0,"slave3_ch7_voltage":0,"slave3_ch8_voltage":0,"timestamp":"2025-06-27T15:53:50.527Z"}
[2025-06-27 11:53:51] INFO: [Modbus Client] ✅ Connected to /dev/ttyUSB0 at 57600 baud
[2025-06-27 11:53:51] INFO: [Modbus Poller] 📥 Snapshot written: {"slave1_ch1_voltage":4.746,"slave1_ch2_voltage":1.171,"slave1_ch3_voltage":5.049,"slave1_ch4_voltage":1.203,"slave1_ch5_voltage":5.108,"slave1_ch6_voltage":1.181,"slave1_ch7_voltage":4.853,"slave1_ch8_voltage":1.173,"slave2_ch1_voltage":5.187,"slave2_ch2_voltage":1.164,"slave2_ch3_voltage":5.134,"slave2_ch4_voltage":1.169,"slave2_ch5_voltage":5.155,"slave2_ch6_voltage":1.171,"slave2_ch7_voltage":5.13,"slave2_ch8_voltage":1.159,"slave3_ch1_voltage":5.212,"slave3_ch2_voltage":1.151,"slave3_ch3_voltage":5.18,"slave3_ch4_voltage":1.15,"slave3_ch5_voltage":0,"slave3_ch6_voltage":0,"slave3_ch7_voltage":0,"slave3_ch8_voltage":0,"timestamp":"2025-06-27T15:53:51.527Z"}
[2025-06-27 11:53:52] INFO: [Modbus Client] ✅ Connected to /dev/ttyUSB0 at 57600 baud
[2025-06-27 11:53:52] INFO: [Modbus Poller] 📥 Snapshot written: {"slave1_ch1_voltage":4.747,"slave1_ch2_voltage":1.17,"slave1_ch3_voltage":5.049,"slave1_ch4_voltage":1.202,"slave1_ch5_voltage":5.109,"slave1_ch6_voltage":1.181,"slave1_ch7_voltage":4.853,"slave1_ch8_voltage":1.173,"slave2_ch1_voltage":5.187,"slave2_ch2_voltage":1.164,"slave2_ch3_voltage":5.134,"slave2_ch4_voltage":1.169,"slave2_ch5_voltage":5.156,"slave2_ch6_voltage":1.17,"slave2_ch7_voltage":5.13,"slave2_ch8_voltage":1.158,"slave3_ch1_voltage":5.212,"slave3_ch2_voltage":1.151,"slave3_ch3_voltage":5.18,"slave3_ch4_voltage":1.15,"slave3_ch5_voltage":0,"slave3_ch6_voltage":0,"slave3_ch7_voltage":0,"slave3_ch8_voltage":0,"timestamp":"2025-06-27T15:53:52.526Z"}
[2025-06-27 11:53:53] INFO: [Modbus Client] ✅ Connected to /dev/ttyUSB0 at 57600 baud
[2025-06-27 11:53:53] INFO: [Modbus Poller] 📥 Snapshot written: {"slave1_ch1_voltage":4.747,"slave1_ch2_voltage":1.17,"slave1_ch3_voltage":5.048,"slave1_ch4_voltage":1.203,"slave1_ch5_voltage":5.108,"slave1_ch6_voltage":1.181,"slave1_ch7_voltage":4.853,"slave1_ch8_voltage":1.173,"slave2_ch1_voltage":5.187,"slave2_ch2_voltage":1.164,"slave2_ch3_voltage":5.134,"slave2_ch4_voltage":1.169,"slave2_ch5_voltage":5.156,"slave2_ch6_voltage":1.17,"slave2_ch7_voltage":5.131,"slave2_ch8_voltage":1.158,"slave3_ch1_voltage":5.212,"slave3_ch2_voltage":1.151,"slave3_ch3_voltage":5.18,"slave3_ch4_voltage":1.15,"slave3_ch5_voltage":0,"slave3_ch6_voltage":0,"slave3_ch7_voltage":0,"slave3_ch8_voltage":0,"timestamp":"2025-06-27T15:53:53.529Z"}
[2025-06-27 11:53:54] INFO: [Modbus Client] ✅ Connected to /dev/ttyUSB0 at 57600 baud
[2025-06-27 11:53:54] INFO: [Modbus Poller] 📥 Snapshot written: {"slave1_ch1_voltage":4.747,"slave1_ch2_voltage":1.17,"slave1_ch3_voltage":5.049,"slave1_ch4_voltage":1.203,"slave1_ch5_voltage":5.109,"slave1_ch6_voltage":1.181,"slave1_ch7_voltage":4.854,"slave1_ch8_voltage":1.173,"slave2_ch1_voltage":5.187,"slave2_ch2_voltage":1.164,"slave2_ch3_voltage":5.134,"slave2_ch4_voltage":1.169,"slave2_ch5_voltage":5.156,"slave2_ch6_voltage":1.17,"slave2_ch7_voltage":5.131,"slave2_ch8_voltage":1.159,"slave3_ch1_voltage":5.213,"slave3_ch2_voltage":1.151,"slave3_ch3_voltage":5.18,"slave3_ch4_voltage":1.15,"slave3_ch5_voltage":0,"slave3_ch6_voltage":0,"slave3_ch7_voltage":0,"slave3_ch8_voltage":0,"timestamp":"2025-06-27T15:53:54.527Z"}
[2025-06-27 11:53:55] INFO: [Modbus Client] ✅ Connected to /dev/ttyUSB0 at 57600 baud
[2025-06-27 11:53:55] INFO: [Modbus Poller] 📥 Snapshot written: {"slave1_ch1_voltage":4.747,"slave1_ch2_voltage":1.17,"slave1_ch3_voltage":5.048,"slave1_ch4_voltage":1.203,"slave1_ch5_voltage":5.108,"slave1_ch6_voltage":1.181,"slave1_ch7_voltage":4.853,"slave1_ch8_voltage":1.173,"slave2_ch1_voltage":5.188,"slave2_ch2_voltage":1.164,"slave2_ch3_voltage":5.134,"slave2_ch4_voltage":1.169,"slave2_ch5_voltage":5.156,"slave2_ch6_voltage":1.171,"slave2_ch7_voltage":5.131,"slave2_ch8_voltage":1.158,"slave3_ch1_voltage":5.213,"slave3_ch2_voltage":1.151,"slave3_ch3_voltage":5.181,"slave3_ch4_voltage":1.15,"slave3_ch5_voltage":0,"slave3_ch6_voltage":0,"slave3_ch7_voltage":0,"slave3_ch8_voltage":0,"timestamp":"2025-06-27T15:53:55.510Z"}
[2025-06-27 11:53:56] INFO: [Modbus Client] ✅ Connected to /dev/ttyUSB0 at 57600 baud
[2025-06-27 11:53:56] INFO: [Modbus Poller] 📥 Snapshot written: {"slave1_ch1_voltage":4.747,"slave1_ch2_voltage":1.171,"slave1_ch3_voltage":5.049,"slave1_ch4_voltage":1.203,"slave1_ch5_voltage":5.109,"slave1_ch6_voltage":1.181,"slave1_ch7_voltage":4.853,"slave1_ch8_voltage":1.173,"slave2_ch1_voltage":5.188,"slave2_ch2_voltage":1.164,"slave2_ch3_voltage":5.135,"slave2_ch4_voltage":1.17,"slave2_ch5_voltage":5.156,"slave2_ch6_voltage":1.17,"slave2_ch7_voltage":5.13,"slave2_ch8_voltage":1.159,"slave3_ch1_voltage":5.211,"slave3_ch2_voltage":1.151,"slave3_ch3_voltage":5.18,"slave3_ch4_voltage":1.15,"slave3_ch5_voltage":0,"slave3_ch6_voltage":0,"slave3_ch7_voltage":0,"slave3_ch8_voltage":0,"timestamp":"2025-06-27T15:53:56.527Z"}
[2025-06-27 11:53:57] INFO: [Modbus Client] ✅ Connected to /dev/ttyUSB0 at 57600 baud
[2025-06-27 11:53:57] INFO: [Modbus Poller] 📥 Snapshot written: {"slave1_ch1_voltage":4.747,"slave1_ch2_voltage":1.171,"slave1_ch3_voltage":5.048,"slave1_ch4_voltage":1.203,"slave1_ch5_voltage":5.108,"slave1_ch6_voltage":1.181,"slave1_ch7_voltage":4.852,"slave1_ch8_voltage":1.172,"slave2_ch1_voltage":5.187,"slave2_ch2_voltage":1.164,"slave2_ch3_voltage":5.134,"slave2_ch4_voltage":1.169,"slave2_ch5_voltage":5.155,"slave2_ch6_voltage":1.171,"slave2_ch7_voltage":5.13,"slave2_ch8_voltage":1.158,"slave3_ch1_voltage":5.212,"slave3_ch2_voltage":1.151,"slave3_ch3_voltage":5.18,"slave3_ch4_voltage":1.149,"slave3_ch5_voltage":0,"slave3_ch6_voltage":0,"slave3_ch7_voltage":0,"slave3_ch8_voltage":0,"timestamp":"2025-06-27T15:53:57.510Z"}
